find_header: checking for vulkan/vulkan.h... -------------------- yes

LD_LIBRARY_PATH=.:/home/matrix9180/.local/share/mise/installs/ruby/4.0.2/lib LSAN_OPTIONS=detect_leaks=0 "gcc -o conftest -I/home/matrix9180/.local/share/mise/installs/ruby/4.0.2/include/ruby-4.0.0/x86_64-linux -I/home/matrix9180/.local/share/mise/installs/ruby/4.0.2/include/ruby-4.0.0/ruby/backward -I/home/matrix9180/.local/share/mise/installs/ruby/4.0.2/include/ruby-4.0.0 -Iext/rinzler/vulkan    -fstack-protector-strong -U_FORTIFY_SOURCE -D_FORTIFY_SOURCE=2  -O3 -fno-fast-math -ggdb3 -Wall -Wextra -Wdeprecated-declarations -Wdiv-by-zero -Wduplicated-cond -Wimplicit-function-declaration -Wimplicit-int -Wpointer-arith -Wwrite-strings -Wold-style-definition -Wimplicit-fallthrough=0 -Wmissing-noreturn -Wno-cast-function-type -Wno-constant-logical-operand -Wno-long-long -Wno-missing-field-initializers -Wno-overlength-strings -Wno-packed-bitfield-compat -Wno-parentheses-equality -Wno-self-assign -Wno-tautological-compare -Wno-unused-parameter -Wno-unused-value -Wsuggest-attribute=format -Wsuggest-attribute=noreturn -Wunused-variable -Wmisleading-indentation -Wundef  -fPIC conftest.c -L. -L/home/matrix9180/.local/share/mise/installs/ruby/4.0.2/lib -Wl,-rpath,/home/matrix9180/.local/share/mise/installs/ruby/4.0.2/lib -L. -fstack-protector-strong -rdynamic -Wl,-export-dynamic -Wl,--no-as-needed     -Wl,-rpath,/home/matrix9180/.local/share/mise/installs/ruby/4.0.2/lib -L/home/matrix9180/.local/share/mise/installs/ruby/4.0.2/lib -lruby  -lm -lpthread  -lc"
checked program was:
/* begin */
1: #include "ruby.h"
2: 
3: int main(int argc, char **argv)
4: {
5:   return !!argv[argc];
6: }
/* end */

LD_LIBRARY_PATH=.:/home/matrix9180/.local/share/mise/installs/ruby/4.0.2/lib LSAN_OPTIONS=detect_leaks=0 "gcc -I/home/matrix9180/.local/share/mise/installs/ruby/4.0.2/include/ruby-4.0.0/x86_64-linux -I/home/matrix9180/.local/share/mise/installs/ruby/4.0.2/include/ruby-4.0.0/ruby/backward -I/home/matrix9180/.local/share/mise/installs/ruby/4.0.2/include/ruby-4.0.0 -Iext/rinzler/vulkan    -fstack-protector-strong -U_FORTIFY_SOURCE -D_FORTIFY_SOURCE=2  -O3 -fno-fast-math -ggdb3 -Wall -Wextra -Wdeprecated-declarations -Wdiv-by-zero -Wduplicated-cond -Wimplicit-function-declaration -Wimplicit-int -Wpointer-arith -Wwrite-strings -Wold-style-definition -Wimplicit-fallthrough=0 -Wmissing-noreturn -Wno-cast-function-type -Wno-constant-logical-operand -Wno-long-long -Wno-missing-field-initializers -Wno-overlength-strings -Wno-packed-bitfield-compat -Wno-parentheses-equality -Wno-self-assign -Wno-tautological-compare -Wno-unused-parameter -Wno-unused-value -Wsuggest-attribute=format -Wsuggest-attribute=noreturn -Wunused-variable -Wmisleading-indentation -Wundef  -fPIC   -c conftest.c"
checked program was:
/* begin */
1: #include "ruby.h"
2: 
3: #include <vulkan/vulkan.h>
/* end */

--------------------

find_library: checking for vkCreateInstance() in -lvulkan... -------------------- yes

LD_LIBRARY_PATH=.:/home/matrix9180/.local/share/mise/installs/ruby/4.0.2/lib LSAN_OPTIONS=detect_leaks=0 "gcc -o conftest -I/home/matrix9180/.local/share/mise/installs/ruby/4.0.2/include/ruby-4.0.0/x86_64-linux -I/home/matrix9180/.local/share/mise/installs/ruby/4.0.2/include/ruby-4.0.0/ruby/backward -I/home/matrix9180/.local/share/mise/installs/ruby/4.0.2/include/ruby-4.0.0 -Iext/rinzler/vulkan    -fstack-protector-strong -U_FORTIFY_SOURCE -D_FORTIFY_SOURCE=2  -O3 -fno-fast-math -ggdb3 -Wall -Wextra -Wdeprecated-declarations -Wdiv-by-zero -Wduplicated-cond -Wimplicit-function-declaration -Wimplicit-int -Wpointer-arith -Wwrite-strings -Wold-style-definition -Wimplicit-fallthrough=0 -Wmissing-noreturn -Wno-cast-function-type -Wno-constant-logical-operand -Wno-long-long -Wno-missing-field-initializers -Wno-overlength-strings -Wno-packed-bitfield-compat -Wno-parentheses-equality -Wno-self-assign -Wno-tautological-compare -Wno-unused-parameter -Wno-unused-value -Wsuggest-attribute=format -Wsuggest-attribute=noreturn -Wunused-variable -Wmisleading-indentation -Wundef  -fPIC conftest.c -L. -L/home/matrix9180/.local/share/mise/installs/ruby/4.0.2/lib -Wl,-rpath,/home/matrix9180/.local/share/mise/installs/ruby/4.0.2/lib -L. -fstack-protector-strong -rdynamic -Wl,-export-dynamic -Wl,--no-as-needed     -Wl,-rpath,/home/matrix9180/.local/share/mise/installs/ruby/4.0.2/lib -L/home/matrix9180/.local/share/mise/installs/ruby/4.0.2/lib -lruby -lvulkan  -lm -lpthread  -lc"
conftest.c: In function ‘t’:
conftest.c:14:57: error: ‘vkCreateInstance’ undeclared (first use in this function)
   14 | int t(void) { void ((*volatile p)()); p = (void ((*)()))vkCreateInstance; return !p; }
      |                                                         ^~~~~~~~~~~~~~~~
conftest.c:14:57: note: each undeclared identifier is reported only once for each function it appears in
At top level:
cc1: note: unrecognized command-line option ‘-Wno-self-assign’ may have been intended to silence earlier diagnostics
cc1: note: unrecognized command-line option ‘-Wno-parentheses-equality’ may have been intended to silence earlier diagnostics
cc1: note: unrecognized command-line option ‘-Wno-constant-logical-operand’ may have been intended to silence earlier diagnostics
checked program was:
/* begin */
 1: #include "ruby.h"
 2: 
 3: /*top*/
 4: extern int t(void);
 5: int main(int argc, char **argv)
 6: {
 7:   if (argc > 1000000) {
 8:     int (* volatile tp)(void)=(int (*)(void))&t;
 9:     printf("%d", (*tp)());
10:   }
11: 
12:   return !!argv[argc];
13: }
14: int t(void) { void ((*volatile p)()); p = (void ((*)()))vkCreateInstance; return !p; }
/* end */

LD_LIBRARY_PATH=.:/home/matrix9180/.local/share/mise/installs/ruby/4.0.2/lib LSAN_OPTIONS=detect_leaks=0 "gcc -o conftest -I/home/matrix9180/.local/share/mise/installs/ruby/4.0.2/include/ruby-4.0.0/x86_64-linux -I/home/matrix9180/.local/share/mise/installs/ruby/4.0.2/include/ruby-4.0.0/ruby/backward -I/home/matrix9180/.local/share/mise/installs/ruby/4.0.2/include/ruby-4.0.0 -Iext/rinzler/vulkan    -fstack-protector-strong -U_FORTIFY_SOURCE -D_FORTIFY_SOURCE=2  -O3 -fno-fast-math -ggdb3 -Wall -Wextra -Wdeprecated-declarations -Wdiv-by-zero -Wduplicated-cond -Wimplicit-function-declaration -Wimplicit-int -Wpointer-arith -Wwrite-strings -Wold-style-definition -Wimplicit-fallthrough=0 -Wmissing-noreturn -Wno-cast-function-type -Wno-constant-logical-operand -Wno-long-long -Wno-missing-field-initializers -Wno-overlength-strings -Wno-packed-bitfield-compat -Wno-parentheses-equality -Wno-self-assign -Wno-tautological-compare -Wno-unused-parameter -Wno-unused-value -Wsuggest-attribute=format -Wsuggest-attribute=noreturn -Wunused-variable -Wmisleading-indentation -Wundef  -fPIC conftest.c -L. -L/home/matrix9180/.local/share/mise/installs/ruby/4.0.2/lib -Wl,-rpath,/home/matrix9180/.local/share/mise/installs/ruby/4.0.2/lib -L. -fstack-protector-strong -rdynamic -Wl,-export-dynamic -Wl,--no-as-needed     -Wl,-rpath,/home/matrix9180/.local/share/mise/installs/ruby/4.0.2/lib -L/home/matrix9180/.local/share/mise/installs/ruby/4.0.2/lib -lruby -lvulkan  -lm -lpthread  -lc"
checked program was:
/* begin */
 1: #include "ruby.h"
 2: 
 3: /*top*/
 4: extern int t(void);
 5: int main(int argc, char **argv)
 6: {
 7:   if (argc > 1000000) {
 8:     int (* volatile tp)(void)=(int (*)(void))&t;
 9:     printf("%d", (*tp)());
10:   }
11: 
12:   return !!argv[argc];
13: }
14: extern void vkCreateInstance();
15: int t(void) { vkCreateInstance(); return 0; }
/* end */

--------------------

